[2022-09-12 21:57:22,477: INFO: stage_01_load_save]: 
********************
[2022-09-12 21:57:22,477: INFO: stage_01_load_save]: >>>>> stage GET DATA started <<<<<
[2022-09-12 21:57:22,477: INFO: common]: yaml file: configs/config.yaml loaded successfully
[2022-09-12 21:57:22,477: INFO: stage_01_load_save]: >>>>> stage GET DATA completed!<<<<<

[2022-09-12 21:58:11,093: INFO: stage_01_load_save]: 
********************
[2022-09-12 21:58:11,093: INFO: stage_01_load_save]: >>>>> stage GET DATA started <<<<<
[2022-09-12 21:58:11,093: INFO: common]: yaml file: configs/config.yaml loaded successfully
[2022-09-12 21:58:12,541: INFO: common]: created directory at: artifacts\raw_local_dir
[2022-09-12 21:58:12,557: INFO: stage_01_load_save]: raw data is saved at: artifacts\raw_local_dir\data.csv
[2022-09-12 21:58:12,557: INFO: stage_01_load_save]: >>>>> stage GET DATA completed!<<<<<

[2022-09-12 22:09:32,211: INFO: stage_01_load_save]: 
********************
[2022-09-12 22:09:32,211: INFO: stage_01_load_save]: >>>>> stage GET DATA started <<<<<
[2022-09-12 22:09:32,211: INFO: common]: yaml file: configs/config.yaml loaded successfully
[2022-09-12 22:09:33,432: INFO: common]: created directory at: artifacts\raw_local_dir
[2022-09-12 22:09:33,432: INFO: stage_01_load_save]: raw data is saved at: artifacts\raw_local_dir\data.csv
[2022-09-12 22:09:33,432: INFO: stage_01_load_save]: >>>>> stage GET DATA completed!<<<<<

[2022-09-12 22:13:10,884: INFO: stage_01_load_save]: 
********************
[2022-09-12 22:13:10,884: INFO: stage_01_load_save]: >>>>> stage GET DATA started <<<<<
[2022-09-12 22:13:10,884: INFO: common]: yaml file: configs/config.yaml loaded successfully
[2022-09-12 22:13:11,900: INFO: common]: created directory at: artifacts\raw_local_dir
[2022-09-12 22:13:11,916: INFO: stage_01_load_save]: raw data is saved at: artifacts\raw_local_dir\data.csv
[2022-09-12 22:13:11,916: INFO: stage_01_load_save]: >>>>> stage GET DATA completed!<<<<<

[2022-09-12 22:21:25,102: INFO: stage_02_split_data]: 
********************
[2022-09-12 22:21:25,102: INFO: stage_02_split_data]: >>>>> stage SPLIT data stage started <<<<<
[2022-09-12 22:21:25,102: INFO: common]: yaml file: configs/config.yaml loaded successfully
[2022-09-12 22:21:25,102: INFO: common]: yaml file: params.yaml loaded successfully
[2022-09-12 22:21:25,139: INFO: stage_02_split_data]: splitting of data in training and test files at test_size: 0.3
[2022-09-12 22:21:25,143: INFO: common]: created directory at: artifacts\split_data_dir
[2022-09-12 22:21:25,143: INFO: stage_02_split_data]: data is saved at: artifacts\split_data_dir\train.csv
[2022-09-12 22:21:25,143: INFO: stage_02_split_data]: data is saved at: artifacts\split_data_dir\test.csv
[2022-09-12 22:21:25,143: INFO: stage_02_split_data]: >>>>> stage SPLIT data stage completed!<<<<<

[2022-09-12 22:21:53,521: INFO: stage_02_split_data]: 
********************
[2022-09-12 22:21:53,521: INFO: stage_02_split_data]: >>>>> stage SPLIT data stage started <<<<<
[2022-09-12 22:21:53,521: INFO: common]: yaml file: configs/config.yaml loaded successfully
[2022-09-12 22:21:53,521: INFO: common]: yaml file: params.yaml loaded successfully
[2022-09-12 22:21:53,529: INFO: stage_02_split_data]: splitting of data in training and test files at test_size: 0.3
[2022-09-12 22:21:53,529: INFO: common]: created directory at: artifacts\split_data_dir
[2022-09-12 22:21:53,537: INFO: stage_02_split_data]: data is saved at: artifacts\split_data_dir\train.csv
[2022-09-12 22:21:53,545: INFO: stage_02_split_data]: data is saved at: artifacts\split_data_dir\test.csv
[2022-09-12 22:21:53,548: INFO: stage_02_split_data]: >>>>> stage SPLIT data stage completed!<<<<<

